# JRE version: Java(TM) SE Runtime Environment (8.0_11-b12) (build 1.8.0_11-b12)
# Java VM: Java HotSpot(TM) Server VM (25.11-b03 mixed mode linux-x86 )
Heap:
 PSYoungGen      total 404992K, used 110966K [0x87000000, 0xa6000000, 0xa7000000)
  eden space 301312K, 36% used [0x87000000,0x8dc5da80,0x99640000)
  from space 103680K, 0% used [0x99640000,0x99640000,0x9fb80000)
  to   space 101632K, 0% used [0x9fcc0000,0x9fcc0000,0xa6000000)
 ParOldGen       total 214784K, used 38705K [0x47000000, 0x541c0000, 0x87000000)
  object space 214784K, 18% used [0x47000000,0x495cc788,0x541c0000)
 Metaspace       used 48882K, capacity 50457K, committed 51308K, reserved 51504K
GC Heap History (10 events):
Event: 2844,786 GC heap before
{Heap before GC invocations=74 (full 16):
 PSYoungGen      total 292864K, used 287261K [0x87000000, 0xa6b00000, 0xa7000000)
  eden space 287488K, 99% used [0x87000000,0x98887700,0x988c0000)
  from space 5376K, 0% used [0x988c0000,0x988c0000,0x98e00000)
  to   space 115200K, 0% used [0x9fa80000,0x9fa80000,0xa6b00000)
 ParOldGen       total 214784K, used 45150K [0x47000000, 0x541c0000, 0x87000000)
  object space 214784K, 21% used [0x47000000,0x49c179a0,0x541c0000)
 Metaspace       used 48892K, capacity 50401K, committed 51308K, reserved 51504K
Event: 2844,952 GC heap after
Heap after GC invocations=74 (full 16):
 PSYoungGen      total 407296K, used 6015K [0x87000000, 0xa7000000, 0xa7000000)
  eden space 292096K, 0% used [0x87000000,0x87000000,0x98d40000)
  from space 115200K, 5% used [0x9fa80000,0xa005fc10,0xa6b00000)
  to   space 111872K, 0% used [0x98d40000,0x98d40000,0x9fa80000)
 ParOldGen       total 214784K, used 45154K [0x47000000, 0x541c0000, 0x87000000)
  object space 214784K, 21% used [0x47000000,0x49c189a0,0x541c0000)
 Metaspace       used 48892K, capacity 50401K, committed 51308K, reserved 51504K
}
Event: 2848,993 GC heap before
{Heap before GC invocations=75 (full 16):
 PSYoungGen      total 407296K, used 298111K [0x87000000, 0xa7000000, 0xa7000000)
  eden space 292096K, 100% used [0x87000000,0x98d40000,0x98d40000)
  from space 115200K, 5% used [0x9fa80000,0xa005fc10,0xa6b00000)
  to   space 111872K, 0% used [0x98d40000,0x98d40000,0x9fa80000)
 ParOldGen       total 214784K, used 45154K [0x47000000, 0x541c0000, 0x87000000)
  object space 214784K, 21% used [0x47000000,0x49c189a0,0x541c0000)
 Metaspace       used 49071K, capacity 50618K, committed 51308K, reserved 51504K
Event: 2855,703 GC heap after
Heap after GC invocations=75 (full 16):
 PSYoungGen      total 403968K, used 41911K [0x87000000, 0xa64c0000, 0xa7000000)
  eden space 292096K, 0% used [0x87000000,0x87000000,0x98d40000)
  from space 111872K, 37% used [0x98d40000,0x9b62dc18,0x9fa80000)
  to   space 107776K, 0% used [0x9fb80000,0x9fb80000,0xa64c0000)
 ParOldGen       total 214784K, used 45158K [0x47000000, 0x541c0000, 0x87000000)
  object space 214784K, 21% used [0x47000000,0x49c199a0,0x541c0000)
 Metaspace       used 49071K, capacity 50618K, committed 51308K, reserved 51504K
}
Event: 2858,509 GC heap before
{Heap before GC invocations=76 (full 16):
 PSYoungGen      total 403968K, used 333418K [0x87000000, 0xa64c0000, 0xa7000000)
  eden space 292096K, 99% used [0x87000000,0x98cacea8,0x98d40000)
  from space 111872K, 37% used [0x98d40000,0x9b62dc18,0x9fa80000)
  to   space 107776K, 0% used [0x9fb80000,0x9fb80000,0xa64c0000)
 ParOldGen       total 214784K, used 45158K [0x47000000, 0x541c0000, 0x87000000)
  object space 214784K, 21% used [0x47000000,0x49c199a0,0x541c0000)
 Metaspace       used 49079K, capacity 50621K, committed 51308K, reserved 51504K
Event: 2860,107 GC heap after
Heap after GC invocations=76 (full 16):
 PSYoungGen      total 408320K, used 12004K [0x87000000, 0xa6400000, 0xa7000000)
  eden space 301312K, 0% used [0x87000000,0x87000000,0x99640000)
  from space 107008K, 11% used [0x9fb80000,0xa0739030,0xa6400000)
  to   space 103680K, 0% used [0x99640000,0x99640000,0x9fb80000)
 ParOldGen       total 214784K, used 49416K [0x47000000, 0x541c0000, 0x87000000)
  object space 214784K, 23% used [0x47000000,0x4a0421f8,0x541c0000)
 Metaspace       used 49079K, capacity 50621K, committed 51308K, reserved 51504K
}
Event: 2861,250 GC heap before
{Heap before GC invocations=77 (full 16):
 PSYoungGen      total 408320K, used 182052K [0x87000000, 0xa6400000, 0xa7000000)
  eden space 301312K, 56% used [0x87000000,0x91610288,0x99640000)
  from space 107008K, 11% used [0x9fb80000,0xa0739030,0xa6400000)
  to   space 103680K, 0% used [0x99640000,0x99640000,0x9fb80000)
 ParOldGen       total 214784K, used 49416K [0x47000000, 0x541c0000, 0x87000000)
  object space 214784K, 23% used [0x47000000,0x4a0421f8,0x541c0000)
 Metaspace       used 49081K, capacity 50623K, committed 51308K, reserved 51504K
Event: 2861,320 GC heap after
Heap after GC invocations=77 (full 16):
 PSYoungGen      total 404992K, used 80K [0x87000000, 0xa6000000, 0xa7000000)
  eden space 301312K, 0% used [0x87000000,0x87000000,0x99640000)
  from space 103680K, 0% used [0x99640000,0x99654000,0x9fb80000)
  to   space 101632K, 0% used [0x9fcc0000,0x9fcc0000,0xa6000000)
 ParOldGen       total 214784K, used 49662K [0x47000000, 0x541c0000, 0x87000000)
  object space 214784K, 23% used [0x47000000,0x4a07fa08,0x541c0000)
 Metaspace       used 49081K, capacity 50623K, committed 51308K, reserved 51504K
}
Event: 2861,320 GC heap before
{Heap before GC invocations=78 (full 17):
 PSYoungGen      total 404992K, used 80K [0x87000000, 0xa6000000, 0xa7000000)
  eden space 301312K, 0% used [0x87000000,0x87000000,0x99640000)
  from space 103680K, 0% used [0x99640000,0x99654000,0x9fb80000)
  to   space 101632K, 0% used [0x9fcc0000,0x9fcc0000,0xa6000000)
 ParOldGen       total 214784K, used 49662K [0x47000000, 0x541c0000, 0x87000000)
  object space 214784K, 23% used [0x47000000,0x4a07fa08,0x541c0000)
 Metaspace       used 49081K, capacity 50623K, committed 51308K, reserved 51504K
Event: 2862,216 GC heap after
Heap after GC invocations=78 (full 17):
 PSYoungGen      total 404992K, used 0K [0x87000000, 0xa6000000, 0xa7000000)
  eden space 301312K, 0% used [0x87000000,0x87000000,0x99640000)
  from space 103680K, 0% used [0x99640000,0x99640000,0x9fb80000)
  to   space 101632K, 0% used [0x9fcc0000,0x9fcc0000,0xa6000000)
 ParOldGen       total 214784K, used 38705K [0x47000000, 0x541c0000, 0x87000000)
  object space 214784K, 18% used [0x47000000,0x495cc788,0x541c0000)
 Metaspace       used 48607K, capacity 50111K, committed 51308K, reserved 51504K
}

