# JRE version: Java(TM) SE Runtime Environment (8.0_11-b12) (build 1.8.0_11-b12)
# Java VM: Java HotSpot(TM) Server VM (25.11-b03 mixed mode linux-x86 )
Heap:
 PSYoungGen      total 348928K, used 234753K [0x87000000, 0xa5540000, 0xa7000000)
  eden space 194048K, 100% used [0x87000000,0x92d80000,0x92d80000)
  from space 154880K, 26% used [0x9be00000,0x9e5c0550,0xa5540000)
  to   space 147968K, 25% used [0x92d80000,0x95242938,0x9be00000)
 ParOldGen       total 332288K, used 132274K [0x47000000, 0x5b480000, 0x87000000)
  object space 332288K, 39% used [0x47000000,0x4f12c828,0x5b480000)
 Metaspace       used 44281K, capacity 45252K, committed 45312K, reserved 45360K
GC Heap History (10 events):
Event: 1224,540 GC heap after
Heap after GC invocations=105 (full 11):
 PSYoungGen      total 349696K, used 64K [0x87000000, 0xa7000000, 0xa7000000)
  eden space 175104K, 0% used [0x87000000,0x87000000,0x91b00000)
  from space 174592K, 0% used [0x9c580000,0x9c590000,0xa7000000)
  to   space 174592K, 0% used [0x91b00000,0x91b00000,0x9c580000)
 ParOldGen       total 332288K, used 63790K [0x47000000, 0x5b480000, 0x87000000)
  object space 332288K, 19% used [0x47000000,0x4ae4b888,0x5b480000)
 Metaspace       used 43789K, capacity 44692K, committed 44800K, reserved 45360K
}
Event: 1234,390 GC heap before
{Heap before GC invocations=106 (full 11):
 PSYoungGen      total 349696K, used 175168K [0x87000000, 0xa7000000, 0xa7000000)
  eden space 175104K, 100% used [0x87000000,0x91b00000,0x91b00000)
  from space 174592K, 0% used [0x9c580000,0x9c590000,0xa7000000)
  to   space 174592K, 0% used [0x91b00000,0x91b00000,0x9c580000)
 ParOldGen       total 332288K, used 63790K [0x47000000, 0x5b480000, 0x87000000)
  object space 332288K, 19% used [0x47000000,0x4ae4b888,0x5b480000)
 Metaspace       used 44277K, capacity 45220K, committed 45312K, reserved 45360K
Event: 1234,734 GC heap after
Heap after GC invocations=106 (full 11):
 PSYoungGen      total 349696K, used 9288K [0x87000000, 0xa7000000, 0xa7000000)
  eden space 175104K, 0% used [0x87000000,0x87000000,0x91b00000)
  from space 174592K, 5% used [0x91b00000,0x92412138,0x9c580000)
  to   space 174592K, 0% used [0x9c580000,0x9c580000,0xa7000000)
 ParOldGen       total 332288K, used 63806K [0x47000000, 0x5b480000, 0x87000000)
  object space 332288K, 19% used [0x47000000,0x4ae4f888,0x5b480000)
 Metaspace       used 44277K, capacity 45220K, committed 45312K, reserved 45360K
}
Event: 1235,244 GC heap before
{Heap before GC invocations=107 (full 11):
 PSYoungGen      total 349696K, used 184392K [0x87000000, 0xa7000000, 0xa7000000)
  eden space 175104K, 100% used [0x87000000,0x91b00000,0x91b00000)
  from space 174592K, 5% used [0x91b00000,0x92412138,0x9c580000)
  to   space 174592K, 0% used [0x9c580000,0x9c580000,0xa7000000)
 ParOldGen       total 332288K, used 63806K [0x47000000, 0x5b480000, 0x87000000)
  object space 332288K, 19% used [0x47000000,0x4ae4f888,0x5b480000)
 Metaspace       used 44277K, capacity 45220K, committed 45312K, reserved 45360K
Event: 1239,172 GC heap after
Heap after GC invocations=107 (full 11):
 PSYoungGen      total 344064K, used 31509K [0x87000000, 0xa6a80000, 0xa7000000)
  eden space 175104K, 0% used [0x87000000,0x87000000,0x91b00000)
  from space 168960K, 18% used [0x9c580000,0x9e4454b8,0xa6a80000)
  to   space 171776K, 0% used [0x91b00000,0x91b00000,0x9c2c0000)
 ParOldGen       total 332288K, used 69374K [0x47000000, 0x5b480000, 0x87000000)
  object space 332288K, 20% used [0x47000000,0x4b3bfa58,0x5b480000)
 Metaspace       used 44277K, capacity 45220K, committed 45312K, reserved 45360K
}
Event: 1239,574 GC heap before
{Heap before GC invocations=108 (full 11):
 PSYoungGen      total 344064K, used 206613K [0x87000000, 0xa6a80000, 0xa7000000)
  eden space 175104K, 100% used [0x87000000,0x91b00000,0x91b00000)
  from space 168960K, 18% used [0x9c580000,0x9e4454b8,0xa6a80000)
  to   space 171776K, 0% used [0x91b00000,0x91b00000,0x9c2c0000)
 ParOldGen       total 332288K, used 69374K [0x47000000, 0x5b480000, 0x87000000)
  object space 332288K, 20% used [0x47000000,0x4b3bfa58,0x5b480000)
 Metaspace       used 44281K, capacity 45252K, committed 45312K, reserved 45360K
Event: 1245,268 GC heap after
Heap after GC invocations=108 (full 11):
 PSYoungGen      total 211968K, used 36652K [0x87000000, 0xa58c0000, 0xa7000000)
  eden space 175104K, 0% used [0x87000000,0x87000000,0x91b00000)
  from space 36864K, 99% used [0x91b00000,0x93ecb088,0x93f00000)
  to   space 158464K, 0% used [0x9be00000,0x9be00000,0xa58c0000)
 ParOldGen       total 332288K, used 79649K [0x47000000, 0x5b480000, 0x87000000)
  object space 332288K, 23% used [0x47000000,0x4bdc8788,0x5b480000)
 Metaspace       used 44281K, capacity 45252K, committed 45312K, reserved 45360K
}
Event: 1245,652 GC heap before
{Heap before GC invocations=109 (full 11):
 PSYoungGen      total 211968K, used 211756K [0x87000000, 0xa58c0000, 0xa7000000)
  eden space 175104K, 100% used [0x87000000,0x91b00000,0x91b00000)
  from space 36864K, 99% used [0x91b00000,0x93ecb088,0x93f00000)
  to   space 158464K, 0% used [0x9be00000,0x9be00000,0xa58c0000)
 ParOldGen       total 332288K, used 79649K [0x47000000, 0x5b480000, 0x87000000)
  object space 332288K, 23% used [0x47000000,0x4bdc8788,0x5b480000)
 Metaspace       used 44281K, capacity 45252K, committed 45312K, reserved 45360K
Event: 1254,252 GC heap after
Heap after GC invocations=109 (full 11):
 PSYoungGen      total 348928K, used 40705K [0x87000000, 0xa5540000, 0xa7000000)
  eden space 194048K, 0% used [0x87000000,0x87000000,0x92d80000)
  from space 154880K, 26% used [0x9be00000,0x9e5c0550,0xa5540000)
  to   space 147968K, 0% used [0x92d80000,0x92d80000,0x9be00000)
 ParOldGen       total 332288K, used 103234K [0x47000000, 0x5b480000, 0x87000000)
  object space 332288K, 31% used [0x47000000,0x4d4d0b50,0x5b480000)
 Metaspace       used 44281K, capacity 45252K, committed 45312K, reserved 45360K
}
Event: 1254,642 GC heap before
{Heap before GC invocations=110 (full 11):
 PSYoungGen      total 348928K, used 234753K [0x87000000, 0xa5540000, 0xa7000000)
  eden space 194048K, 100% used [0x87000000,0x92d80000,0x92d80000)
  from space 154880K, 26% used [0x9be00000,0x9e5c0550,0xa5540000)
  to   space 147968K, 0% used [0x92d80000,0x92d80000,0x9be00000)
 ParOldGen       total 332288K, used 103234K [0x47000000, 0x5b480000, 0x87000000)
  object space 332288K, 31% used [0x47000000,0x4d4d0b50,0x5b480000)
 Metaspace       used 44281K, capacity 45252K, committed 45312K, reserved 45360K

