# JRE version: Java(TM) SE Runtime Environment (8.0_11-b12) (build 1.8.0_11-b12)
# Java VM: Java HotSpot(TM) Server VM (25.11-b03 mixed mode linux-x86 )
Heap:
 PSYoungGen      total 427776K, used 174616K [0x87000000, 0xa6b40000, 0xa7000000)
  eden space 422656K, 41% used [0x87000000,0x91a863f0,0xa0cc0000)
  from space 5120K, 0% used [0xa0cc0000,0xa0cc0000,0xa11c0000)
  to   space 48384K, 0% used [0xa3c00000,0xa3c00000,0xa6b40000)
 ParOldGen       total 173824K, used 39713K [0x47000000, 0x519c0000, 0x87000000)
  object space 173824K, 22% used [0x47000000,0x496c8568,0x519c0000)
 Metaspace       used 43635K, capacity 44823K, committed 44928K, reserved 45360K
GC Heap History (10 events):
Event: 4829,927 GC heap before
{Heap before GC invocations=45 (full 12):
 PSYoungGen      total 462080K, used 409330K [0x87000000, 0xa66c0000, 0xa7000000)
  eden space 411904K, 99% used [0x87000000,0x9ffbca90,0xa0240000)
  from space 50176K, 0% used [0xa35c0000,0xa35c0000,0xa66c0000)
  to   space 51456K, 0% used [0xa0240000,0xa0240000,0xa3480000)
 ParOldGen       total 173824K, used 36057K [0x47000000, 0x519c0000, 0x87000000)
  object space 173824K, 20% used [0x47000000,0x49336730,0x519c0000)
 Metaspace       used 43410K, capacity 44448K, committed 44800K, reserved 45360K
Event: 4831,327 GC heap after
Heap after GC invocations=45 (full 12):
 PSYoungGen      total 463360K, used 22582K [0x87000000, 0xa6e40000, 0xa7000000)
  eden space 411904K, 0% used [0x87000000,0x87000000,0xa0240000)
  from space 51456K, 43% used [0xa0240000,0xa184da78,0xa3480000)
  to   space 49920K, 0% used [0xa3d80000,0xa3d80000,0xa6e40000)
 ParOldGen       total 173824K, used 36061K [0x47000000, 0x519c0000, 0x87000000)
  object space 173824K, 20% used [0x47000000,0x49337730,0x519c0000)
 Metaspace       used 43410K, capacity 44448K, committed 44800K, reserved 45360K
}
Event: 4833,767 GC heap before
{Heap before GC invocations=46 (full 12):
 PSYoungGen      total 463360K, used 48507K [0x87000000, 0xa6e40000, 0xa7000000)
  eden space 411904K, 6% used [0x87000000,0x88951470,0xa0240000)
  from space 51456K, 43% used [0xa0240000,0xa184da78,0xa3480000)
  to   space 49920K, 0% used [0xa3d80000,0xa3d80000,0xa6e40000)
 ParOldGen       total 173824K, used 36061K [0x47000000, 0x519c0000, 0x87000000)
  object space 173824K, 20% used [0x47000000,0x49337730,0x519c0000)
 Metaspace       used 43414K, capacity 44480K, committed 44800K, reserved 45360K
Event: 4833,870 GC heap after
Heap after GC invocations=46 (full 12):
 PSYoungGen      total 472064K, used 668K [0x87000000, 0xa6dc0000, 0xa7000000)
  eden space 422656K, 0% used [0x87000000,0x87000000,0xa0cc0000)
  from space 49408K, 1% used [0xa3d80000,0xa3e27300,0xa6dc0000)
  to   space 49664K, 0% used [0xa0cc0000,0xa0cc0000,0xa3d40000)
 ParOldGen       total 173824K, used 36061K [0x47000000, 0x519c0000, 0x87000000)
  object space 173824K, 20% used [0x47000000,0x49337730,0x519c0000)
 Metaspace       used 43414K, capacity 44480K, committed 44800K, reserved 45360K
}
Event: 4833,871 GC heap before
{Heap before GC invocations=47 (full 13):
 PSYoungGen      total 472064K, used 668K [0x87000000, 0xa6dc0000, 0xa7000000)
  eden space 422656K, 0% used [0x87000000,0x87000000,0xa0cc0000)
  from space 49408K, 1% used [0xa3d80000,0xa3e27300,0xa6dc0000)
  to   space 49664K, 0% used [0xa0cc0000,0xa0cc0000,0xa3d40000)
 ParOldGen       total 173824K, used 36061K [0x47000000, 0x519c0000, 0x87000000)
  object space 173824K, 20% used [0x47000000,0x49337730,0x519c0000)
 Metaspace       used 43414K, capacity 44480K, committed 44800K, reserved 45360K
Event: 4836,505 GC heap after
Heap after GC invocations=47 (full 13):
 PSYoungGen      total 472064K, used 0K [0x87000000, 0xa6dc0000, 0xa7000000)
  eden space 422656K, 0% used [0x87000000,0x87000000,0xa0cc0000)
  from space 49408K, 0% used [0xa3d80000,0xa3d80000,0xa6dc0000)
  to   space 49664K, 0% used [0xa0cc0000,0xa0cc0000,0xa3d40000)
 ParOldGen       total 173824K, used 36272K [0x47000000, 0x519c0000, 0x87000000)
  object space 173824K, 20% used [0x47000000,0x4936c130,0x519c0000)
 Metaspace       used 43414K, capacity 44480K, committed 44800K, reserved 45360K
}
Event: 5552,768 GC heap before
{Heap before GC invocations=48 (full 13):
 PSYoungGen      total 472064K, used 284964K [0x87000000, 0xa6dc0000, 0xa7000000)
  eden space 422656K, 67% used [0x87000000,0x986490f0,0xa0cc0000)
  from space 49408K, 0% used [0xa3d80000,0xa3d80000,0xa6dc0000)
  to   space 49664K, 0% used [0xa0cc0000,0xa0cc0000,0xa3d40000)
 ParOldGen       total 173824K, used 36272K [0x47000000, 0x519c0000, 0x87000000)
  object space 173824K, 20% used [0x47000000,0x4936c130,0x519c0000)
 Metaspace       used 43543K, capacity 44706K, committed 44928K, reserved 45360K
Event: 5565,682 GC heap after
Heap after GC invocations=48 (full 13):
 PSYoungGen      total 427776K, used 5069K [0x87000000, 0xa6b40000, 0xa7000000)
  eden space 422656K, 0% used [0x87000000,0x87000000,0xa0cc0000)
  from space 5120K, 99% used [0xa0cc0000,0xa11b36a0,0xa11c0000)
  to   space 48384K, 0% used [0xa3c00000,0xa3c00000,0xa6b40000)
 ParOldGen       total 173824K, used 36276K [0x47000000, 0x519c0000, 0x87000000)
  object space 173824K, 20% used [0x47000000,0x4936d130,0x519c0000)
 Metaspace       used 43543K, capacity 44706K, committed 44928K, reserved 45360K
}
Event: 5565,783 GC heap before
{Heap before GC invocations=49 (full 14):
 PSYoungGen      total 427776K, used 5069K [0x87000000, 0xa6b40000, 0xa7000000)
  eden space 422656K, 0% used [0x87000000,0x87000000,0xa0cc0000)
  from space 5120K, 99% used [0xa0cc0000,0xa11b36a0,0xa11c0000)
  to   space 48384K, 0% used [0xa3c00000,0xa3c00000,0xa6b40000)
 ParOldGen       total 173824K, used 36276K [0x47000000, 0x519c0000, 0x87000000)
  object space 173824K, 20% used [0x47000000,0x4936d130,0x519c0000)
 Metaspace       used 43543K, capacity 44706K, committed 44928K, reserved 45360K
Event: 5583,755 GC heap after
Heap after GC invocations=49 (full 14):
 PSYoungGen      total 427776K, used 0K [0x87000000, 0xa6b40000, 0xa7000000)
  eden space 422656K, 0% used [0x87000000,0x87000000,0xa0cc0000)
  from space 5120K, 0% used [0xa0cc0000,0xa0cc0000,0xa11c0000)
  to   space 48384K, 0% used [0xa3c00000,0xa3c00000,0xa6b40000)
 ParOldGen       total 173824K, used 39713K [0x47000000, 0x519c0000, 0x87000000)
  object space 173824K, 22% used [0x47000000,0x496c8568,0x519c0000)
 Metaspace       used 43543K, capacity 44706K, committed 44928K, reserved 45360K
}

